<?xml version="1.0" encoding="UTF-8"?>
<!-- Generated by org.testng.reporters.JUnitReportReporter -->
<testsuite hostname="MacBook-Pro.local" name="com.mvn.automation.MenuOptionsTest" tests="2" failures="0" timestamp="11 Nov 2015 19:40:25 GMT" time="38.264" errors="0">
  <testcase name="addAccessCode" time="18.966" classname="com.mvn.automation.MenuOptionsTest"/>
  <testcase name="downloadFiles" time="19.298" classname="com.mvn.automation.MenuOptionsTest"/>
</testsuite> <!-- com.mvn.automation.MenuOptionsTest -->
