<?xml version="1.0" encoding="UTF-8"?>
<!-- Generated by org.testng.reporters.JUnitReportReporter -->
<testsuite hostname="MacBook-Pro.local" name="com.mvn.automation.AdminResetPwdTest" tests="2" failures="0" timestamp="11 Nov 2015 19:40:25 GMT" time="18.705" errors="0">
  <testcase name="AdminResetPwd" time="9.469" classname="com.mvn.automation.AdminResetPwdTest"/>
  <testcase name="AdminResetPwdResend" time="9.236" classname="com.mvn.automation.AdminResetPwdTest"/>
</testsuite> <!-- com.mvn.automation.AdminResetPwdTest -->
