<?xml version="1.0" encoding="UTF-8"?>
<!-- Generated by org.testng.reporters.JUnitReportReporter -->
<testsuite hostname="MacBook-Pro.local" name="com.mvn.automation.AdminMemberTest" tests="3" failures="0" timestamp="11 Nov 2015 19:40:25 GMT" time="54.559" errors="0">
  <testcase name="AdminMemberCancel" time="19.020" classname="com.mvn.automation.AdminMemberTest"/>
  <testcase name="AdminMemberAdd" time="19.865" classname="com.mvn.automation.AdminMemberTest"/>
  <testcase name="AdminMemberSearch" time="15.674" classname="com.mvn.automation.AdminMemberTest"/>
</testsuite> <!-- com.mvn.automation.AdminMemberTest -->
