<?xml version="1.0" encoding="UTF-8"?>
<!-- Generated by org.testng.reporters.JUnitReportReporter -->
<testsuite hostname="MacBook-Pro.local" name="com.mvn.automation.SignUpTest" tests="5" failures="0" timestamp="11 Nov 2015 19:40:25 GMT" time="54.862" errors="0">
  <testcase name="signUpexistingUser" time="8.531" classname="com.mvn.automation.SignUpTest"/>
  <testcase name="signUpNewUser" time="8.657" classname="com.mvn.automation.SignUpTest"/>
  <testcase name="signUpMissingName" time="13.960" classname="com.mvn.automation.SignUpTest"/>
  <testcase name="signUpInvalidEmail" time="11.446" classname="com.mvn.automation.SignUpTest"/>
  <testcase name="signUpMissingPassword" time="12.268" classname="com.mvn.automation.SignUpTest"/>
</testsuite> <!-- com.mvn.automation.SignUpTest -->
