<?xml version="1.0" encoding="UTF-8"?>
<!-- Generated by org.testng.reporters.JUnitReportReporter -->
<testsuite hostname="MacBook-Pro.local" name="com.mvn.automation.ShareASpaceTest" tests="1" failures="0" timestamp="11 Nov 2015 19:40:25 GMT" time="27.048" errors="0">
  <testcase name="shareAspace" time="27.048" classname="com.mvn.automation.ShareASpaceTest"/>
</testsuite> <!-- com.mvn.automation.ShareASpaceTest -->
