<?xml version="1.0" encoding="UTF-8"?>
<!-- Generated by org.testng.reporters.JUnitReportReporter -->
<testsuite hostname="MacBook-Pro.local" name="com.mvn.automation.AdminSignInTest" tests="6" failures="0" timestamp="11 Nov 2015 19:40:25 GMT" time="81.914" errors="0">
  <testcase name="AdminSignInInvalidEmail" time="10.055" classname="com.mvn.automation.AdminSignInTest"/>
  <testcase name="AdminSignInInvalidPwd" time="9.029" classname="com.mvn.automation.AdminSignInTest"/>
  <testcase name="AdminSignInNoEmail" time="7.344" classname="com.mvn.automation.AdminSignInTest"/>
  <testcase name="AdminSignInUser" time="32.534" classname="com.mvn.automation.AdminSignInTest"/>
  <testcase name="AdminSignInNoPwd" time="7.297" classname="com.mvn.automation.AdminSignInTest"/>
  <testcase name="AdminLinkSignIn" time="15.655" classname="com.mvn.automation.AdminSignInTest"/>
</testsuite> <!-- com.mvn.automation.AdminSignInTest -->
