<?xml version="1.0" encoding="UTF-8"?>
<!-- Generated by org.testng.reporters.JUnitReportReporter -->
<testsuite hostname="MacBook-Pro.local" name="com.mvn.automation.SignInTest" tests="1" failures="0" timestamp="11 Nov 2015 19:40:25 GMT" time="7.987" errors="0">
  <testcase name="signInUser" time="7.987" classname="com.mvn.automation.SignInTest"/>
</testsuite> <!-- com.mvn.automation.SignInTest -->
