<?xml version="1.0" encoding="UTF-8"?>
<!-- Generated by org.testng.reporters.JUnitReportReporter -->
<testsuite hostname="MacBook-Pro.local" name="com.mvn.automation.SignOutTest" tests="1" failures="0" timestamp="11 Nov 2015 19:40:25 GMT" time="10.806" errors="0">
  <testcase name="signOutUser" time="10.806" classname="com.mvn.automation.SignOutTest"/>
</testsuite> <!-- com.mvn.automation.SignOutTest -->
