<?xml version="1.0" encoding="UTF-8"?>
<!-- Generated by org.testng.reporters.JUnitReportReporter -->
<testsuite hostname="MacBook-Pro.local" name="com.mvn.automation.HomePageLinksTest" tests="1" failures="0" timestamp="12 Nov 2015 00:51:33 GMT" time="33.533" errors="0">
  <testcase name="findHomePageLinks" time="33.533" classname="com.mvn.automation.HomePageLinksTest"/>
</testsuite> <!-- com.mvn.automation.HomePageLinksTest -->
