<?xml version="1.0" encoding="UTF-8"?>
<!-- Generated by org.testng.reporters.JUnitReportReporter -->
<testsuite hostname="MacBook-Pro.local" name="com.mvn.automation.OAuth_signInTest" tests="6" failures="0" timestamp="11 Nov 2015 19:40:25 GMT" time="121.362" errors="0">
  <testcase name="oAuth_nonExistingEmailSignIn" time="19.796" classname="com.mvn.automation.OAuth_signInTest"/>
  <testcase name="oAuth_noPwdSignIn" time="20.253" classname="com.mvn.automation.OAuth_signInTest"/>
  <testcase name="oAuth_incorrectPwdSignIn" time="20.559" classname="com.mvn.automation.OAuth_signInTest"/>
  <testcase name="oAuth_incorrectEmailSignIn" time="19.587" classname="com.mvn.automation.OAuth_signInTest"/>
  <testcase name="oAuth_noEmailSignIn" time="19.705" classname="com.mvn.automation.OAuth_signInTest"/>
  <testcase name="oAuth_validSignIn" time="21.462" classname="com.mvn.automation.OAuth_signInTest"/>
</testsuite> <!-- com.mvn.automation.OAuth_signInTest -->
