<?xml version="1.0" encoding="UTF-8"?>
<!-- Generated by org.testng.reporters.JUnitReportReporter -->
<testsuite hostname="MacBook-Pro.local" name="com.mvn.automation.PasswordUpdateTest" tests="2" failures="0" timestamp="11 Nov 2015 19:40:25 GMT" time="31.881" errors="0">
  <testcase name="passwordUpdateSpacesUser" time="18.997" classname="com.mvn.automation.PasswordUpdateTest"/>
  <testcase name="resetUserPassword" time="12.884" classname="com.mvn.automation.PasswordUpdateTest"/>
</testsuite> <!-- com.mvn.automation.PasswordUpdateTest -->
