<?xml version="1.0" encoding="UTF-8"?>
<!-- Generated by org.testng.reporters.JUnitReportReporter -->
<testsuite hostname="MacBook-Pro.local" name="com.mvn.automation.UpgradeAccountTest" tests="3" failures="0" timestamp="11 Nov 2015 19:40:25 GMT" time="78.914" errors="0">
  <testcase name="downgradeAccount" time="33.215" classname="com.mvn.automation.UpgradeAccountTest"/>
  <testcase name="keepProAccount" time="24.902" classname="com.mvn.automation.UpgradeAccountTest"/>
  <testcase name="upgradeAccount" time="20.797" classname="com.mvn.automation.UpgradeAccountTest"/>
</testsuite> <!-- com.mvn.automation.UpgradeAccountTest -->
